#
# There is insufficient memory for the Java Runtime Environment to continue.
# Native memory allocation (mmap) failed to map 83886080 bytes for G1 virtual space
# Possible reasons:
#   The system is out of physical RAM or swap space
#   The process is running with CompressedOops enabled, and the Java Heap may be blocking the growth of the native heap
# Possible solutions:
#   Reduce memory load on the system
#   Increase physical memory or swap space
#   Check if swap backing store is full
#   Decrease Java heap size (-Xmx/-Xms)
#   Decrease number of Java threads
#   Decrease Java thread stack sizes (-Xss)
#   Set larger code cache with -XX:ReservedCodeCacheSize=
#   JVM is running with Unscaled Compressed Oops mode in which the Java heap is
#     placed in the first 4GB address space. The Java Heap base address is the
#     maximum limit for the native heap growth. Please use -XX:HeapBaseMinAddress
#     to set the Java Heap base and to place the Java Heap above 4GB virtual address.
# This output file may be truncated or incomplete.
#
#  Out of Memory Error (os_windows.cpp:3548), pid=4452, tid=9128
#
# JRE version:  (17.0.5+8) (build )
# Java VM: OpenJDK 64-Bit Server VM (17.0.5+8, mixed mode, sharing, tiered, compressed oops, compressed class ptrs, g1 gc, windows-amd64)
# No core dump will be written. Minidumps are not enabled by default on client versions of Windows
#

---------------  S U M M A R Y ------------

Command Line: BFS_get_path

Host: AMD A10 PRO-7350B R6, 10 Compute Cores 4C+6G   , 4 cores, 4G,  Windows 10 , 64 bit Build 19041 (10.0.19041.2364)
Time: Sun Dec 18 11:32:05 2022 India Standard Time elapsed time: 0.110658 seconds (0d 0h 0m 0s)

---------------  T H R E A D  ---------------

Current thread (0x000001d7bdc181c0):  JavaThread "Unknown thread" [_thread_in_vm, id=9128, stack(0x00000028a0a00000,0x00000028a0b00000)]

Stack: [0x00000028a0a00000,0x00000028a0b00000]
Native frames: (J=compiled Java code, j=interpreted, Vv=VM code, C=native code)
V  [jvm.dll+0x676b3a]
V  [jvm.dll+0x831444]
V  [jvm.dll+0x832bee]
V  [jvm.dll+0x833253]
V  [jvm.dll+0x244ce5]
V  [jvm.dll+0x673a49]
V  [jvm.dll+0x66811a]
V  [jvm.dll+0x303ceb]
V  [jvm.dll+0x30b1e6]
V  [jvm.dll+0x35adbe]
V  [jvm.dll+0x35afef]
V  [jvm.dll+0x2dab88]
V  [jvm.dll+0x2dbaf4]
V  [jvm.dll+0x803121]
V  [jvm.dll+0x368bb1]
V  [jvm.dll+0x7e265c]
V  [jvm.dll+0x3eb17f]
V  [jvm.dll+0x3eccc1]
C  [jli.dll+0x5267]
C  [ucrtbase.dll+0x21bb2]
C  [KERNEL32.DLL+0x17614]
C  [ntdll.dll+0x526a1]


---------------  P R O C E S S  ---------------

Threads class SMR info:
_java_thread_list=0x00007ff94ce92f18, length=0, elements={
}

Java Threads: ( => current thread )

Other Threads:
  0x000001d7bdc5ec00 GCTaskThread "GC Thread#0" [stack: 0x00000028a0b00000,0x00000028a0c00000] [id=1264]
  0x000001d7bdc699c0 ConcurrentGCThread "G1 Main Marker" [stack: 0x00000028a0c00000,0x00000028a0d00000] [id=7908]
  0x000001d7bdc6a3d0 ConcurrentGCThread "G1 Conc#0" [stack: 0x00000028a0d00000,0x00000028a0e00000] [id=8856]

[error occurred during error reporting (printing all threads), id 0xc0000005, EXCEPTION_ACCESS_VIOLATION (0xc0000005) at pc=0x00007ff94c66b617]

VM state: not at safepoint (not fully initialized)

VM Mutex/Monitor currently owned by a thread:  ([mutex/lock_event])
[0x000001d7bdc13990] Heap_lock - owner thread: 0x000001d7bdc181c0

Heap address: 0x00000000b0c00000, size: 1268 MB, Compressed Oops mode: 32-bit

CDS archive(s) mapped at: [0x0000000000000000-0x0000000000000000-0x0000000000000000), size 0, SharedBaseAddress: 0x0000000800000000, ArchiveRelocationMode: 0.
Narrow klass base: 0x0000000000000000, Narrow klass shift: 0, Narrow klass range: 0x0

GC Precious Log:
<Empty>

Heap:
 garbage-first heap   total 0K, used 0K [0x00000000b0c00000, 0x0000000100000000)
  region size 1024K, 0 young (0K), 0 survivors (0K)

[error occurred during error reporting (printing heap information), id 0xc0000005, EXCEPTION_ACCESS_VIOLATION (0xc0000005) at pc=0x00007ff94ca4fcb9]

GC Heap History (0 events):
No events

Dll operation events (1 events):
Event: 0.026 Loaded shared library C:\Program Files\Eclipse Adoptium\jdk-17.0.5.8-hotspot\bin\java.dll

Deoptimization events (0 events):
No events

Classes unloaded (0 events):
No events

Classes redefined (0 events):
No events

Internal exceptions (0 events):
No events

VM Operations (0 events):
No events

Events (0 events):
No events


Dynamic libraries:
0x00007ff72b2d0000 - 0x00007ff72b2de000 	C:\Program Files\Eclipse Adoptium\jdk-17.0.5.8-hotspot\bin\java.exe
0x00007ff98a8d0000 - 0x00007ff98aac8000 	C:\WINDOWS\SYSTEM32\ntdll.dll
0x00007ff98a080000 - 0x00007ff98a13f000 	C:\WINDOWS\System32\KERNEL32.DLL
0x00007ff988440000 - 0x00007ff988712000 	C:\WINDOWS\System32\KERNELBASE.dll
0x00007ff988280000 - 0x00007ff988380000 	C:\WINDOWS\System32\ucrtbase.dll
0x00007ff978370000 - 0x00007ff978387000 	C:\Program Files\Eclipse Adoptium\jdk-17.0.5.8-hotspot\bin\jli.dll
0x00007ff989100000 - 0x00007ff9892a1000 	C:\WINDOWS\System32\USER32.dll
0x00007ff988060000 - 0x00007ff988082000 	C:\WINDOWS\System32\win32u.dll
0x00007ff98a610000 - 0x00007ff98a63b000 	C:\WINDOWS\System32\GDI32.dll
0x00007ff9887d0000 - 0x00007ff9888df000 	C:\WINDOWS\System32\gdi32full.dll
0x00007ff987fc0000 - 0x00007ff98805d000 	C:\WINDOWS\System32\msvcp_win.dll
0x00007ff973d50000 - 0x00007ff973d69000 	C:\Program Files\Eclipse Adoptium\jdk-17.0.5.8-hotspot\bin\VCRUNTIME140.dll
0x00007ff9778d0000 - 0x00007ff977b6a000 	C:\WINDOWS\WinSxS\amd64_microsoft.windows.common-controls_6595b64144ccf1df_6.0.19041.1110_none_60b5254171f9507e\COMCTL32.dll
0x00007ff98a640000 - 0x00007ff98a6de000 	C:\WINDOWS\System32\msvcrt.dll
0x00007ff988970000 - 0x00007ff9889a2000 	C:\WINDOWS\System32\IMM32.DLL
0x00007ff97ca50000 - 0x00007ff97ca5c000 	C:\Program Files\Eclipse Adoptium\jdk-17.0.5.8-hotspot\bin\vcruntime140_1.dll
0x00007ff965190000 - 0x00007ff965221000 	C:\Program Files\Eclipse Adoptium\jdk-17.0.5.8-hotspot\bin\msvcp140.dll
0x00007ff94c380000 - 0x00007ff94cfc4000 	C:\Program Files\Eclipse Adoptium\jdk-17.0.5.8-hotspot\bin\server\jvm.dll
0x00007ff98a140000 - 0x00007ff98a1ee000 	C:\WINDOWS\System32\ADVAPI32.dll
0x00007ff989450000 - 0x00007ff9894ec000 	C:\WINDOWS\System32\sechost.dll
0x00007ff98a1f0000 - 0x00007ff98a315000 	C:\WINDOWS\System32\RPCRT4.dll
0x00007ff97b410000 - 0x00007ff97b419000 	C:\WINDOWS\SYSTEM32\WSOCK32.dll
0x00007ff98a320000 - 0x00007ff98a38b000 	C:\WINDOWS\System32\WS2_32.dll
0x00007ff97ea20000 - 0x00007ff97ea47000 	C:\WINDOWS\SYSTEM32\WINMM.dll
0x00007ff97ea50000 - 0x00007ff97ea5a000 	C:\WINDOWS\SYSTEM32\VERSION.dll
0x00007ff986800000 - 0x00007ff986812000 	C:\WINDOWS\SYSTEM32\kernel.appcore.dll
0x00007ff979510000 - 0x00007ff97951a000 	C:\Program Files\Eclipse Adoptium\jdk-17.0.5.8-hotspot\bin\jimage.dll
0x00007ff972570000 - 0x00007ff972754000 	C:\WINDOWS\SYSTEM32\DBGHELP.DLL
0x00007ff972400000 - 0x00007ff972435000 	C:\WINDOWS\SYSTEM32\dbgcore.DLL
0x00007ff988090000 - 0x00007ff988112000 	C:\WINDOWS\System32\bcryptPrimitives.dll
0x00007ff96ef30000 - 0x00007ff96ef55000 	C:\Program Files\Eclipse Adoptium\jdk-17.0.5.8-hotspot\bin\java.dll

dbghelp: loaded successfully - version: 4.0.5 - missing functions: none
symbol engine: initialized successfully - sym options: 0x614 - pdb path: .;C:\Program Files\Eclipse Adoptium\jdk-17.0.5.8-hotspot\bin;C:\WINDOWS\SYSTEM32;C:\WINDOWS\WinSxS\amd64_microsoft.windows.common-controls_6595b64144ccf1df_6.0.19041.1110_none_60b5254171f9507e;C:\Program Files\Eclipse Adoptium\jdk-17.0.5.8-hotspot\bin\server

VM Arguments:
java_command: BFS_get_path
java_class_path (initial): .
Launcher Type: SUN_STANDARD

[Global flags]
     intx CICompilerCount                          = 3                                         {product} {ergonomic}
     uint ConcGCThreads                            = 1                                         {product} {ergonomic}
     uint G1ConcRefinementThreads                  = 4                                         {product} {ergonomic}
   size_t G1HeapRegionSize                         = 1048576                                   {product} {ergonomic}
    uintx GCDrainStackTargetSize                   = 64                                        {product} {ergonomic}
   size_t InitialHeapSize                          = 83886080                                  {product} {ergonomic}
   size_t MarkStackSize                            = 4194304                                   {product} {ergonomic}
   size_t MaxHeapSize                              = 1329594368                                {product} {ergonomic}
   size_t MinHeapDeltaBytes                        = 1048576                                   {product} {ergonomic}
   size_t MinHeapSize                              = 8388608                                   {product} {ergonomic}
    uintx NonNMethodCodeHeapSize                   = 5832780                                {pd product} {ergonomic}
    uintx NonProfiledCodeHeapSize                  = 122912730                              {pd product} {ergonomic}
    uintx ProfiledCodeHeapSize                     = 122912730                              {pd product} {ergonomic}
    uintx ReservedCodeCacheSize                    = 251658240                              {pd product} {ergonomic}
     bool SegmentedCodeCache                       = true                                      {product} {ergonomic}
   size_t SoftMaxHeapSize                          = 1329594368                             {manageable} {ergonomic}
     bool UseCompressedClassPointers               = true                           {product lp64_product} {ergonomic}
     bool UseCompressedOops                        = true                           {product lp64_product} {ergonomic}
     bool UseG1GC                                  = true                                      {product} {ergonomic}
     bool UseLargePagesIndividualAllocation        = false                                  {pd product} {ergonomic}

Logging:
Log output configuration:
 #0: stdout all=warning uptime,level,tags
 #1: stderr all=off uptime,level,tags

Environment Variables:
PATH=C:\Program Files\Eclipse Adoptium\jdk-17.0.5.8-hotspot\bin;C:\Python 3.10\Scripts\;C:\Python 3.10\;C:\WINDOWS\system32;C:\WINDOWS;C:\WINDOWS\System32\Wbem;C:\WINDOWS\System32\WindowsPowerShell\v1.0\;C:\WINDOWS\System32\OpenSSH\;C:\MinGW\bin;C:\Program Files\Git\cmd;C:\ProgramData\chocolatey\bin;C:\Program Files\nodejs;C:\Program Files\nodejs\;C:\Users\ANKIT\AppData\Local\Microsoft\WindowsApps;C:\MinGW\bin;C:\Users\ANKIT\AppData\Local\GitHubDesktop\bin;C:\Users\ANKIT\AppData\Local\Programs\Microsoft VS Code\bin;C:\Program Files\nodejs;F:\software\flutter\bin;C:\Users\ANKIT\AppData\Roaming\npm
USERNAME=ANKIT
LANG=en_US.UTF-8
OS=Windows_NT
PROCESSOR_IDENTIFIER=AMD64 Family 21 Model 48 Stepping 1, AuthenticAMD
TMP=C:\Users\ANKIT\AppData\Local\Temp
TEMP=C:\Users\ANKIT\AppData\Local\Temp



---------------  S Y S T E M  ---------------

OS:
 Windows 10 , 64 bit Build 19041 (10.0.19041.2364)
OS uptime: 0 days 6:27 hours

CPU: total 4 (initial active 4) (4 cores per cpu, 1 threads per core) family 21 model 48 stepping 1 microcode 0x0, cx8, cmov, fxsr, mmx, 3dnowpref, sse, sse2, sse3, ssse3, sse4a, sse4.1, sse4.2, popcnt, lzcnt, tsc, tscinvbit, avx, aes, clmul, bmi1, fma, vzeroupper, clflush

Memory: 4k page, system-wide physical 5065M (1092M free)
TotalPageFile size 5065M (AvailPageFile size 134M)
current process WorkingSet (physical memory assigned to process): 10M, peak: 10M
current process commit charge ("private bytes"): 51M, peak: 131M

vm_info: OpenJDK 64-Bit Server VM (17.0.5+8) for windows-amd64 JRE (17.0.5+8), built on Oct 19 2022 04:48:13 by "temurin" with MS VC++ 16.7 (VS2019)

END.
